<?xml version="1.0" encoding="UTF-8"?>
<testsuite xmlns:xsi="http://www.w3.org/2001/XMLSchema-instance" xsi:noNamespaceSchemaLocation="https://maven.apache.org/surefire/maven-surefire-plugin/xsd/surefire-test-report-3.0.xsd" version="3.0" name="at.matthires.jenkins.tests.RequireParamTest" time="0.257" tests="2" errors="0" skipped="0" failures="0">
  <properties>
[...]
</properties>
  <testcase name="testShouldSucceed" classname="at.matthires.jenkins.tests.RequireParamTest" time="0.145">
    <system-out><![CDATA[Loading shared library pipeline-library with version default
Executing on agent [label:none]
   requireParams-jenkinsfile.run()
      requireParams-jenkinsfile.pipeline(groovy.lang.Closure)
         requireParams-jenkinsfile.script(groovy.lang.Closure)
            requireParams-jenkinsfile.requireParam(false, MANDATORY_PARAM)
         requireParams-jenkinsfile.echo(Executing on agent [label:none])
         requireParams-jenkinsfile.stage(Test, groovy.lang.Closure)
]]></system-out>
  </testcase>
  <testcase name="testShouldReportError" classname="at.matthires.jenkins.tests.RequireParamTest" time="0.107">
    <system-out><![CDATA[Loading shared library pipeline-library with version default
Executing on agent [label:none]
Stage "Test" skipped due to earlier failure(s)
   requireParams-jenkinsfile.run()
      requireParams-jenkinsfile.pipeline(groovy.lang.Closure)
         requireParams-jenkinsfile.script(groovy.lang.Closure)
            requireParams-jenkinsfile.requireParam(null, MANDATORY_PARAM)
               requireParam.error(MANDATORY_PARAM nicht gesetzt.)
         requireParams-jenkinsfile.echo(Executing on agent [label:none])
         requireParams-jenkinsfile.echo(Stage "Test" skipped due to earlier failure(s))
]]></system-out>
  </testcase>
</testsuite>